Symfony\Component\DependencyInjection\Compiler\ResolveChildDefinitionsPass: Resolving inheritance for "cache.app" (parent: cache.adapter.filesystem).
Symfony\Component\DependencyInjection\Compiler\ResolveChildDefinitionsPass: Resolving inheritance for "cache.system" (parent: cache.adapter.system).
Symfony\Component\DependencyInjection\Compiler\ResolveChildDefinitionsPass: Resolving inheritance for "cache.validator" (parent: cache.system).
Symfony\Component\DependencyInjection\Compiler\ResolveChildDefinitionsPass: Resolving inheritance for "cache.serializer" (parent: cache.system).
Symfony\Component\DependencyInjection\Compiler\ResolveChildDefinitionsPass: Resolving inheritance for "cache.annotations" (parent: cache.system).
Symfony\Component\DependencyInjection\Compiler\ResolveChildDefinitionsPass: Resolving inheritance for "cache.property_info" (parent: cache.system).
Symfony\Component\DependencyInjection\Compiler\ResolveChildDefinitionsPass: Resolving inheritance for "cache.messenger.restart_workers_signal" (parent: cache.app).
Symfony\Component\DependencyInjection\Compiler\ResolveChildDefinitionsPass: Resolving inheritance for "cache.system_clearer" (parent: cache.default_clearer).
Symfony\Component\DependencyInjection\Compiler\ResolveChildDefinitionsPass: Resolving inheritance for "cache.global_clearer" (parent: cache.default_clearer).
Symfony\Component\DependencyInjection\Compiler\ResolveChildDefinitionsPass: Resolving inheritance for "assets._default_package" (parent: assets.path_package).
Symfony\Component\DependencyInjection\Compiler\ResolveChildDefinitionsPass: Resolving inheritance for "mailer.transport_factory.null" (parent: mailer.transport_factory.abstract).
Symfony\Component\DependencyInjection\Compiler\ResolveChildDefinitionsPass: Resolving inheritance for "mailer.transport_factory.sendmail" (parent: mailer.transport_factory.abstract).
Symfony\Component\DependencyInjection\Compiler\ResolveChildDefinitionsPass: Resolving inheritance for "mailer.transport_factory.smtp" (parent: mailer.transport_factory.abstract).
Symfony\Component\DependencyInjection\Compiler\ResolveChildDefinitionsPass: Resolving inheritance for "mailer.transport_factory.native" (parent: mailer.transport_factory.abstract).
Symfony\Component\DependencyInjection\Compiler\ResolveChildDefinitionsPass: Resolving inheritance for "secrets.decryption_key" (parent: container.env).
Symfony\Component\DependencyInjection\Compiler\ResolveChildDefinitionsPass: Resolving inheritance for "lock.default.factory" (parent: lock.factory.abstract).
Symfony\Component\DependencyInjection\Compiler\ResolveChildDefinitionsPass: Resolving inheritance for "cache.rate_limiter" (parent: cache.app).
Symfony\Component\DependencyInjection\Compiler\ResolveChildDefinitionsPass: Resolving inheritance for "cache.validator_expression_language" (parent: cache.system).
Symfony\Component\DependencyInjection\Compiler\ResolveChildDefinitionsPass: Resolving inheritance for "notifier.transport_factory.null" (parent: notifier.transport_factory.abstract).
Symfony\Component\DependencyInjection\Compiler\ResolveChildDefinitionsPass: Resolving inheritance for "monolog.logger" (parent: monolog.logger_prototype).
Symfony\Component\DependencyInjection\Compiler\ResolveChildDefinitionsPass: Resolving inheritance for ".instanceof.Symfony\Component\Console\Command\Command.0.Pimcore\Bundle\InstallBundle\Command\InstallCommand" (parent: .abstract.instanceof.Pimcore\Bundle\InstallBundle\Command\InstallCommand).
Symfony\Component\DependencyInjection\Compiler\ResolveChildDefinitionsPass: Resolving inheritance for "Pimcore\Bundle\InstallBundle\Command\InstallCommand" (parent: .instanceof.Symfony\Component\Console\Command\Command.0.Pimcore\Bundle\InstallBundle\Command\InstallCommand).
Symfony\Component\DependencyInjection\Compiler\ResolveChildDefinitionsPass: Resolving inheritance for "messenger.bus.default.middleware.traceable" (parent: messenger.middleware.traceable).
Symfony\Component\DependencyInjection\Compiler\ResolveChildDefinitionsPass: Resolving inheritance for "messenger.bus.default.middleware.add_bus_name_stamp_middleware" (parent: messenger.middleware.add_bus_name_stamp_middleware).
Symfony\Component\DependencyInjection\Compiler\ResolveChildDefinitionsPass: Resolving inheritance for "messenger.bus.default.middleware.handle_message" (parent: messenger.middleware.handle_message).
Symfony\Component\DependencyInjection\Compiler\ResolveChildDefinitionsPass: Resolving inheritance for "monolog.logger.request" (parent: monolog.logger_prototype).
Symfony\Component\DependencyInjection\Compiler\ResolveChildDefinitionsPass: Resolving inheritance for "monolog.logger.console" (parent: monolog.logger_prototype).
Symfony\Component\DependencyInjection\Compiler\ResolveChildDefinitionsPass: Resolving inheritance for "monolog.logger.messenger" (parent: monolog.logger_prototype).
Symfony\Component\DependencyInjection\Compiler\ResolveChildDefinitionsPass: Resolving inheritance for "monolog.logger.cache" (parent: monolog.logger_prototype).
Symfony\Component\DependencyInjection\Compiler\ResolveChildDefinitionsPass: Resolving inheritance for "monolog.logger.http_client" (parent: monolog.logger_prototype).
Symfony\Component\DependencyInjection\Compiler\ResolveChildDefinitionsPass: Resolving inheritance for "monolog.logger.mailer" (parent: monolog.logger_prototype).
Symfony\Component\DependencyInjection\Compiler\ResolveChildDefinitionsPass: Resolving inheritance for "monolog.logger.translation" (parent: monolog.logger_prototype).
Symfony\Component\DependencyInjection\Compiler\ResolveChildDefinitionsPass: Resolving inheritance for "monolog.logger.php" (parent: monolog.logger_prototype).
Symfony\Component\DependencyInjection\Compiler\ResolveChildDefinitionsPass: Resolving inheritance for "monolog.logger.event" (parent: monolog.logger_prototype).
Symfony\Component\DependencyInjection\Compiler\ResolveChildDefinitionsPass: Resolving inheritance for "monolog.logger.router" (parent: monolog.logger_prototype).
Symfony\Component\DependencyInjection\Compiler\ResolveChildDefinitionsPass: Resolving inheritance for "monolog.logger.lock" (parent: monolog.logger_prototype).
Symfony\Component\DependencyInjection\Compiler\ResolveChildDefinitionsPass: Resolving inheritance for "monolog.logger.debug" (parent: monolog.logger_prototype).
Symfony\Component\DependencyInjection\Compiler\ResolveChildDefinitionsPass: Resolving inheritance for "monolog.logger.pimcore" (parent: monolog.logger_prototype).
Symfony\Component\DependencyInjection\Compiler\RemovePrivateAliasesPass: Removed service "Psr\Container\ContainerInterface"; reason: private alias.
Symfony\Component\DependencyInjection\Compiler\RemovePrivateAliasesPass: Removed service "Symfony\Component\DependencyInjection\ContainerInterface"; reason: private alias.
Symfony\Component\DependencyInjection\Compiler\RemovePrivateAliasesPass: Removed service "Symfony\Component\DependencyInjection\ParameterBag\ContainerBagInterface"; reason: private alias.
Symfony\Component\DependencyInjection\Compiler\RemovePrivateAliasesPass: Removed service "Symfony\Component\DependencyInjection\ParameterBag\ParameterBagInterface"; reason: private alias.
Symfony\Component\DependencyInjection\Compiler\RemovePrivateAliasesPass: Removed service "Symfony\Component\EventDispatcher\EventDispatcherInterface"; reason: private alias.
Symfony\Component\DependencyInjection\Compiler\RemovePrivateAliasesPass: Removed service "Symfony\Contracts\EventDispatcher\EventDispatcherInterface"; reason: private alias.
Symfony\Component\DependencyInjection\Compiler\RemovePrivateAliasesPass: Removed service "Symfony\Component\HttpKernel\HttpKernelInterface"; reason: private alias.
Symfony\Component\DependencyInjection\Compiler\RemovePrivateAliasesPass: Removed service "Symfony\Component\HttpFoundation\RequestStack"; reason: private alias.
Symfony\Component\DependencyInjection\Compiler\RemovePrivateAliasesPass: Removed service "Symfony\Component\HttpKernel\HttpCache\StoreInterface"; reason: private alias.
Symfony\Component\DependencyInjection\Compiler\RemovePrivateAliasesPass: Removed service "Symfony\Component\HttpFoundation\UrlHelper"; reason: private alias.
Symfony\Component\DependencyInjection\Compiler\RemovePrivateAliasesPass: Removed service "Symfony\Component\HttpKernel\KernelInterface"; reason: private alias.
Symfony\Component\DependencyInjection\Compiler\RemovePrivateAliasesPass: Removed service "Symfony\Component\Filesystem\Filesystem"; reason: private alias.
Symfony\Component\DependencyInjection\Compiler\RemovePrivateAliasesPass: Removed service "Symfony\Component\HttpKernel\Config\FileLocator"; reason: private alias.
Symfony\Component\DependencyInjection\Compiler\RemovePrivateAliasesPass: Removed service "Symfony\Component\HttpKernel\UriSigner"; reason: private alias.
Symfony\Component\DependencyInjection\Compiler\RemovePrivateAliasesPass: Removed service "Symfony\Component\DependencyInjection\ReverseContainer"; reason: private alias.
Symfony\Component\DependencyInjection\Compiler\RemovePrivateAliasesPass: Removed service "Symfony\Component\String\Slugger\SluggerInterface"; reason: private alias.
Symfony\Component\DependencyInjection\Compiler\RemovePrivateAliasesPass: Removed service "Symfony\Component\HttpKernel\Fragment\FragmentUriGeneratorInterface"; reason: private alias.
Symfony\Component\DependencyInjection\Compiler\RemovePrivateAliasesPass: Removed service "error_renderer.html"; reason: private alias.
Symfony\Component\DependencyInjection\Compiler\RemovePrivateAliasesPass: Removed service "error_renderer"; reason: private alias.
Symfony\Component\DependencyInjection\Compiler\RemovePrivateAliasesPass: Removed service "Psr\EventDispatcher\EventDispatcherInterface"; reason: private alias.
Symfony\Component\DependencyInjection\Compiler\RemovePrivateAliasesPass: Removed service "Psr\Container\ContainerInterface $parameterBag"; reason: private alias.
Symfony\Component\DependencyInjection\Compiler\RemovePrivateAliasesPass: Removed service "Psr\Cache\CacheItemPoolInterface"; reason: private alias.
Symfony\Component\DependencyInjection\Compiler\RemovePrivateAliasesPass: Removed service "Symfony\Component\Cache\Adapter\AdapterInterface"; reason: private alias.
Symfony\Component\DependencyInjection\Compiler\RemovePrivateAliasesPass: Removed service "Symfony\Contracts\Cache\CacheInterface"; reason: private alias.
Symfony\Component\DependencyInjection\Compiler\RemovePrivateAliasesPass: Removed service "Symfony\Contracts\Cache\TagAwareCacheInterface"; reason: private alias.
Symfony\Component\DependencyInjection\Compiler\RemovePrivateAliasesPass: Removed service "Symfony\Contracts\Translation\TranslatorInterface"; reason: private alias.
Symfony\Component\DependencyInjection\Compiler\RemovePrivateAliasesPass: Removed service "Symfony\Component\Asset\Packages"; reason: private alias.
Symfony\Component\DependencyInjection\Compiler\RemovePrivateAliasesPass: Removed service "Symfony\Contracts\HttpClient\HttpClientInterface"; reason: private alias.
Symfony\Component\DependencyInjection\Compiler\RemovePrivateAliasesPass: Removed service "Psr\Http\Client\ClientInterface"; reason: private alias.
Symfony\Component\DependencyInjection\Compiler\RemovePrivateAliasesPass: Removed service "mailer"; reason: private alias.
Symfony\Component\DependencyInjection\Compiler\RemovePrivateAliasesPass: Removed service "Symfony\Component\Mailer\MailerInterface"; reason: private alias.
Symfony\Component\DependencyInjection\Compiler\RemovePrivateAliasesPass: Removed service "Symfony\Component\Mailer\Transport\TransportInterface"; reason: private alias.
Symfony\Component\DependencyInjection\Compiler\RemovePrivateAliasesPass: Removed service "mailer.logger_message_listener"; reason: private alias.
Symfony\Component\DependencyInjection\Compiler\RemovePrivateAliasesPass: Removed service "Symfony\Component\Translation\Reader\TranslationReaderInterface"; reason: private alias.
Symfony\Component\DependencyInjection\Compiler\RemovePrivateAliasesPass: Removed service "Symfony\Component\Translation\Extractor\ExtractorInterface"; reason: private alias.
Symfony\Component\DependencyInjection\Compiler\RemovePrivateAliasesPass: Removed service "Symfony\Component\Translation\Writer\TranslationWriterInterface"; reason: private alias.
Symfony\Component\DependencyInjection\Compiler\RemovePrivateAliasesPass: Removed service "translator.formatter"; reason: private alias.
Symfony\Component\DependencyInjection\Compiler\RemovePrivateAliasesPass: Removed service "Symfony\Component\HttpKernel\Debug\FileLinkFormatter"; reason: private alias.
Symfony\Component\DependencyInjection\Compiler\RemovePrivateAliasesPass: Removed service "Symfony\Component\Stopwatch\Stopwatch"; reason: private alias.
Symfony\Component\DependencyInjection\Compiler\RemovePrivateAliasesPass: Removed service "Symfony\Component\Routing\RouterInterface"; reason: private alias.
Symfony\Component\DependencyInjection\Compiler\RemovePrivateAliasesPass: Removed service "Symfony\Component\Routing\Generator\UrlGeneratorInterface"; reason: private alias.
Symfony\Component\DependencyInjection\Compiler\RemovePrivateAliasesPass: Removed service "Symfony\Component\Routing\Matcher\UrlMatcherInterface"; reason: private alias.
Symfony\Component\DependencyInjection\Compiler\RemovePrivateAliasesPass: Removed service "Symfony\Component\Routing\RequestContextAwareInterface"; reason: private alias.
Symfony\Component\DependencyInjection\Compiler\RemovePrivateAliasesPass: Removed service "Symfony\Component\Routing\RequestContext"; reason: private alias.
Symfony\Component\DependencyInjection\Compiler\RemovePrivateAliasesPass: Removed service "annotation_reader"; reason: private alias.
Symfony\Component\DependencyInjection\Compiler\RemovePrivateAliasesPass: Removed service "Doctrine\Common\Annotations\Reader"; reason: private alias.
Symfony\Component\DependencyInjection\Compiler\RemovePrivateAliasesPass: Removed service "Symfony\Component\PropertyAccess\PropertyAccessorInterface"; reason: private alias.
Symfony\Component\DependencyInjection\Compiler\RemovePrivateAliasesPass: Removed service "Symfony\Component\Serializer\SerializerInterface"; reason: private alias.
Symfony\Component\DependencyInjection\Compiler\RemovePrivateAliasesPass: Removed service "Symfony\Component\Serializer\Normalizer\NormalizerInterface"; reason: private alias.
Symfony\Component\DependencyInjection\Compiler\RemovePrivateAliasesPass: Removed service "Symfony\Component\Serializer\Normalizer\DenormalizerInterface"; reason: private alias.
Symfony\Component\DependencyInjection\Compiler\RemovePrivateAliasesPass: Removed service "Symfony\Component\Serializer\Encoder\EncoderInterface"; reason: private alias.
Symfony\Component\DependencyInjection\Compiler\RemovePrivateAliasesPass: Removed service "Symfony\Component\Serializer\Encoder\DecoderInterface"; reason: private alias.
Symfony\Component\DependencyInjection\Compiler\RemovePrivateAliasesPass: Removed service "serializer.property_accessor"; reason: private alias.
Symfony\Component\DependencyInjection\Compiler\RemovePrivateAliasesPass: Removed service "Symfony\Component\Serializer\Mapping\ClassDiscriminatorResolverInterface"; reason: private alias.
Symfony\Component\DependencyInjection\Compiler\RemovePrivateAliasesPass: Removed service "Symfony\Component\Serializer\Normalizer\ObjectNormalizer"; reason: private alias.
Symfony\Component\DependencyInjection\Compiler\RemovePrivateAliasesPass: Removed service "Symfony\Component\Serializer\Normalizer\PropertyNormalizer"; reason: private alias.
Symfony\Component\DependencyInjection\Compiler\RemovePrivateAliasesPass: Removed service "Symfony\Component\Serializer\Mapping\Factory\ClassMetadataFactoryInterface"; reason: private alias.
Symfony\Component\DependencyInjection\Compiler\RemovePrivateAliasesPass: Removed service "error_renderer.serializer"; reason: private alias.
Symfony\Component\DependencyInjection\Compiler\RemovePrivateAliasesPass: Removed service "Symfony\Component\PropertyInfo\PropertyAccessExtractorInterface"; reason: private alias.
Symfony\Component\DependencyInjection\Compiler\RemovePrivateAliasesPass: Removed service "Symfony\Component\PropertyInfo\PropertyDescriptionExtractorInterface"; reason: private alias.
Symfony\Component\DependencyInjection\Compiler\RemovePrivateAliasesPass: Removed service "Symfony\Component\PropertyInfo\PropertyInfoExtractorInterface"; reason: private alias.
Symfony\Component\DependencyInjection\Compiler\RemovePrivateAliasesPass: Removed service "Symfony\Component\PropertyInfo\PropertyTypeExtractorInterface"; reason: private alias.
Symfony\Component\DependencyInjection\Compiler\RemovePrivateAliasesPass: Removed service "Symfony\Component\PropertyInfo\PropertyListExtractorInterface"; reason: private alias.
Symfony\Component\DependencyInjection\Compiler\RemovePrivateAliasesPass: Removed service "Symfony\Component\PropertyInfo\PropertyInitializableExtractorInterface"; reason: private alias.
Symfony\Component\DependencyInjection\Compiler\RemovePrivateAliasesPass: Removed service "Symfony\Component\PropertyInfo\PropertyReadInfoExtractorInterface"; reason: private alias.
Symfony\Component\DependencyInjection\Compiler\RemovePrivateAliasesPass: Removed service "Symfony\Component\PropertyInfo\PropertyWriteInfoExtractorInterface"; reason: private alias.
Symfony\Component\DependencyInjection\Compiler\RemovePrivateAliasesPass: Removed service "lock.default.store"; reason: private alias.
Symfony\Component\DependencyInjection\Compiler\RemovePrivateAliasesPass: Removed service "lock.store"; reason: private alias.
Symfony\Component\DependencyInjection\Compiler\RemovePrivateAliasesPass: Removed service "lock.factory"; reason: private alias.
Symfony\Component\DependencyInjection\Compiler\RemovePrivateAliasesPass: Removed service "lock"; reason: private alias.
Symfony\Component\DependencyInjection\Compiler\RemovePrivateAliasesPass: Removed service "Symfony\Component\Lock\PersistingStoreInterface"; reason: private alias.
Symfony\Component\DependencyInjection\Compiler\RemovePrivateAliasesPass: Removed service "Symfony\Component\Lock\LockFactory"; reason: private alias.
Symfony\Component\DependencyInjection\Compiler\RemovePrivateAliasesPass: Removed service "Symfony\Component\Lock\LockInterface"; reason: private alias.
Symfony\Component\DependencyInjection\Compiler\RemovePrivateAliasesPass: Removed service "Symfony\Component\Uid\Factory\UlidFactory"; reason: private alias.
Symfony\Component\DependencyInjection\Compiler\RemovePrivateAliasesPass: Removed service "Symfony\Component\Uid\Factory\UuidFactory"; reason: private alias.
Symfony\Component\DependencyInjection\Compiler\RemovePrivateAliasesPass: Removed service "Symfony\Component\Uid\Factory\NameBasedUuidFactory"; reason: private alias.
Symfony\Component\DependencyInjection\Compiler\RemovePrivateAliasesPass: Removed service "Symfony\Component\Uid\Factory\RandomBasedUuidFactory"; reason: private alias.
Symfony\Component\DependencyInjection\Compiler\RemovePrivateAliasesPass: Removed service "Symfony\Component\Uid\Factory\TimeBasedUuidFactory"; reason: private alias.
Symfony\Component\DependencyInjection\Compiler\RemovePrivateAliasesPass: Removed service "cache.default_redis_provider"; reason: private alias.
Symfony\Component\DependencyInjection\Compiler\RemovePrivateAliasesPass: Removed service "cache.default_memcached_provider"; reason: private alias.
Symfony\Component\DependencyInjection\Compiler\RemovePrivateAliasesPass: Removed service "cache.default_doctrine_dbal_provider"; reason: private alias.
Symfony\Component\DependencyInjection\Compiler\RemovePrivateAliasesPass: Removed service "cache.default_pdo_provider"; reason: private alias.
Symfony\Component\DependencyInjection\Compiler\RemovePrivateAliasesPass: Removed service "Symfony\Component\Form\ResolvedFormTypeFactoryInterface"; reason: private alias.
Symfony\Component\DependencyInjection\Compiler\RemovePrivateAliasesPass: Removed service "Symfony\Component\Form\FormRegistryInterface"; reason: private alias.
Symfony\Component\DependencyInjection\Compiler\RemovePrivateAliasesPass: Removed service "Symfony\Component\Form\FormFactoryInterface"; reason: private alias.
Symfony\Component\DependencyInjection\Compiler\RemovePrivateAliasesPass: Removed service "form.property_accessor"; reason: private alias.
Symfony\Component\DependencyInjection\Compiler\RemovePrivateAliasesPass: Removed service "form.choice_list_factory"; reason: private alias.
Symfony\Component\DependencyInjection\Compiler\RemovePrivateAliasesPass: Removed service "Symfony\Component\Validator\Validator\ValidatorInterface"; reason: private alias.
Symfony\Component\DependencyInjection\Compiler\RemovePrivateAliasesPass: Removed service "validator.mapping.class_metadata_factory"; reason: private alias.
Symfony\Component\DependencyInjection\Compiler\RemovePrivateAliasesPass: Removed service "Symfony\Component\Messenger\MessageBusInterface"; reason: private alias.
Symfony\Component\DependencyInjection\Compiler\RemovePrivateAliasesPass: Removed service "Symfony\Component\Notifier\NotifierInterface"; reason: private alias.
Symfony\Component\DependencyInjection\Compiler\RemovePrivateAliasesPass: Removed service "Symfony\Component\Mime\MimeTypesInterface"; reason: private alias.
Symfony\Component\DependencyInjection\Compiler\RemovePrivateAliasesPass: Removed service "Symfony\Component\Mime\MimeTypeGuesserInterface"; reason: private alias.
Symfony\Component\DependencyInjection\Compiler\RemovePrivateAliasesPass: Removed service "logger"; reason: private alias.
Symfony\Component\DependencyInjection\Compiler\RemovePrivateAliasesPass: Removed service "Psr\Log\LoggerInterface"; reason: private alias.
Symfony\Component\DependencyInjection\Compiler\RemovePrivateAliasesPass: Removed service "argument_resolver.controller_locator"; reason: private alias.
Symfony\Component\DependencyInjection\Compiler\RemovePrivateAliasesPass: Removed service "Psr\Log\LoggerInterface $requestLogger"; reason: private alias.
Symfony\Component\DependencyInjection\Compiler\RemovePrivateAliasesPass: Removed service "Psr\Log\LoggerInterface $consoleLogger"; reason: private alias.
Symfony\Component\DependencyInjection\Compiler\RemovePrivateAliasesPass: Removed service "Psr\Log\LoggerInterface $messengerLogger"; reason: private alias.
Symfony\Component\DependencyInjection\Compiler\RemovePrivateAliasesPass: Removed service "Psr\Log\LoggerInterface $cacheLogger"; reason: private alias.
Symfony\Component\DependencyInjection\Compiler\RemovePrivateAliasesPass: Removed service "Psr\Log\LoggerInterface $httpClientLogger"; reason: private alias.
Symfony\Component\DependencyInjection\Compiler\RemovePrivateAliasesPass: Removed service "Psr\Log\LoggerInterface $mailerLogger"; reason: private alias.
Symfony\Component\DependencyInjection\Compiler\RemovePrivateAliasesPass: Removed service "Psr\Log\LoggerInterface $translationLogger"; reason: private alias.
Symfony\Component\DependencyInjection\Compiler\RemovePrivateAliasesPass: Removed service "Psr\Log\LoggerInterface $phpLogger"; reason: private alias.
Symfony\Component\DependencyInjection\Compiler\RemovePrivateAliasesPass: Removed service "Psr\Log\LoggerInterface $eventLogger"; reason: private alias.
Symfony\Component\DependencyInjection\Compiler\RemovePrivateAliasesPass: Removed service "Psr\Log\LoggerInterface $routerLogger"; reason: private alias.
Symfony\Component\DependencyInjection\Compiler\RemovePrivateAliasesPass: Removed service "Psr\Log\LoggerInterface $lockLogger"; reason: private alias.
Symfony\Component\DependencyInjection\Compiler\RemovePrivateAliasesPass: Removed service "Psr\Log\LoggerInterface $debugLogger"; reason: private alias.
Symfony\Component\DependencyInjection\Compiler\RemovePrivateAliasesPass: Removed service "Psr\Log\LoggerInterface $pimcoreLogger"; reason: private alias.
Symfony\Component\DependencyInjection\Compiler\RemovePrivateAliasesPass: Removed service ".service_locator.Xbsa8iG"; reason: private alias.
Symfony\Component\DependencyInjection\Compiler\RemovePrivateAliasesPass: Removed service ".service_locator.0GV1BZZ"; reason: private alias.
Symfony\Component\DependencyInjection\Compiler\RemovePrivateAliasesPass: Removed service ".service_locator.QoSlDX."; reason: private alias.
Symfony\Component\DependencyInjection\Compiler\RemovePrivateAliasesPass: Removed service ".service_locator.00bC4GB"; reason: private alias.
Symfony\Component\DependencyInjection\Compiler\RemovePrivateAliasesPass: Removed service ".service_locator._FDPRQZ"; reason: private alias.
Symfony\Component\DependencyInjection\Compiler\RemovePrivateAliasesPass: Removed service ".service_locator.O24_MAy"; reason: private alias.
Symfony\Component\DependencyInjection\Compiler\RemovePrivateAliasesPass: Removed service "controller_resolver"; reason: private alias.
Symfony\Component\DependencyInjection\Compiler\RemovePrivateAliasesPass: Removed service "argument_resolver"; reason: private alias.
Symfony\Component\DependencyInjection\Compiler\RemovePrivateAliasesPass: Removed service "var_dumper.cli_dumper"; reason: private alias.
Symfony\Component\DependencyInjection\Compiler\RemovePrivateAliasesPass: Removed service "argument_resolver.request_attribute"; reason: private alias.
Symfony\Component\DependencyInjection\Compiler\RemovePrivateAliasesPass: Removed service "argument_resolver.request"; reason: private alias.
Symfony\Component\DependencyInjection\Compiler\RemovePrivateAliasesPass: Removed service "argument_resolver.session"; reason: private alias.
Symfony\Component\DependencyInjection\Compiler\RemovePrivateAliasesPass: Removed service "argument_resolver.service"; reason: private alias.
Symfony\Component\DependencyInjection\Compiler\RemovePrivateAliasesPass: Removed service "argument_resolver.default"; reason: private alias.
Symfony\Component\DependencyInjection\Compiler\RemovePrivateAliasesPass: Removed service "argument_resolver.variadic"; reason: private alias.
Symfony\Component\DependencyInjection\Compiler\RemovePrivateAliasesPass: Removed service "argument_resolver.not_tagged_controller"; reason: private alias.
Symfony\Component\DependencyInjection\Compiler\RemovePrivateAliasesPass: Removed service ".service_locator.uo5c0SP"; reason: private alias.
Symfony\Component\DependencyInjection\Compiler\RemovePrivateAliasesPass: Removed service ".service_locator.pFwChgS"; reason: private alias.
Symfony\Component\DependencyInjection\Compiler\ReplaceAliasByActualDefinitionPass: Changed reference of service "locale_listener" previously pointing to "router.default" to "router".
Symfony\Component\DependencyInjection\Compiler\ReplaceAliasByActualDefinitionPass: Changed reference of service "http_kernel" previously pointing to "debug.event_dispatcher" to "event_dispatcher".
Symfony\Component\DependencyInjection\Compiler\ReplaceAliasByActualDefinitionPass: Changed reference of service "services_resetter" previously pointing to "debug.event_dispatcher" to "event_dispatcher".
Symfony\Component\DependencyInjection\Compiler\ReplaceAliasByActualDefinitionPass: Changed reference of service "locale_aware_listener" previously pointing to "translator.default" to "translator".
Symfony\Component\DependencyInjection\Compiler\ReplaceAliasByActualDefinitionPass: Changed reference of service "fragment.renderer.inline" previously pointing to "debug.event_dispatcher" to "event_dispatcher".
Symfony\Component\DependencyInjection\Compiler\ReplaceAliasByActualDefinitionPass: Changed reference of service "console.command.messenger_consume_messages" previously pointing to "debug.event_dispatcher" to "event_dispatcher".
Symfony\Component\DependencyInjection\Compiler\ReplaceAliasByActualDefinitionPass: Changed reference of service "console.command.router_debug" previously pointing to "router.default" to "router".
Symfony\Component\DependencyInjection\Compiler\ReplaceAliasByActualDefinitionPass: Changed reference of service "console.command.router_match" previously pointing to "router.default" to "router".
Symfony\Component\DependencyInjection\Compiler\ReplaceAliasByActualDefinitionPass: Changed reference of service "console.command.translation_debug" previously pointing to "translator.default" to "translator".
Symfony\Component\DependencyInjection\Compiler\ReplaceAliasByActualDefinitionPass: Changed reference of service "mailer.mailer" previously pointing to "messenger.bus.default" to "messenger.default_bus".
Symfony\Component\DependencyInjection\Compiler\ReplaceAliasByActualDefinitionPass: Changed reference of service "mailer.mailer" previously pointing to "debug.event_dispatcher" to "event_dispatcher".
Symfony\Component\DependencyInjection\Compiler\ReplaceAliasByActualDefinitionPass: Changed reference of service "mailer.transport_factory.abstract" previously pointing to "debug.event_dispatcher" to "event_dispatcher".
Symfony\Component\DependencyInjection\Compiler\ReplaceAliasByActualDefinitionPass: Changed reference of service "mailer.transport_factory.null" previously pointing to "debug.event_dispatcher" to "event_dispatcher".
Symfony\Component\DependencyInjection\Compiler\ReplaceAliasByActualDefinitionPass: Changed reference of service "mailer.transport_factory.sendmail" previously pointing to "debug.event_dispatcher" to "event_dispatcher".
Symfony\Component\DependencyInjection\Compiler\ReplaceAliasByActualDefinitionPass: Changed reference of service "mailer.transport_factory.smtp" previously pointing to "debug.event_dispatcher" to "event_dispatcher".
Symfony\Component\DependencyInjection\Compiler\ReplaceAliasByActualDefinitionPass: Changed reference of service "mailer.transport_factory.native" previously pointing to "debug.event_dispatcher" to "event_dispatcher".
Symfony\Component\DependencyInjection\Compiler\ReplaceAliasByActualDefinitionPass: Changed reference of service "router_listener" previously pointing to "router.default" to "router".
Symfony\Component\DependencyInjection\Compiler\ReplaceAliasByActualDefinitionPass: Changed reference of service "Symfony\Bundle\FrameworkBundle\Controller\RedirectController" previously pointing to "router.default" to "router".
Symfony\Component\DependencyInjection\Compiler\ReplaceAliasByActualDefinitionPass: Changed reference of service "form.type.choice" previously pointing to "translator.default" to "translator".
Symfony\Component\DependencyInjection\Compiler\ReplaceAliasByActualDefinitionPass: Changed reference of service "form.type.file" previously pointing to "translator.default" to "translator".
Symfony\Component\DependencyInjection\Compiler\ReplaceAliasByActualDefinitionPass: Changed reference of service "form.type.color" previously pointing to "translator.default" to "translator".
Symfony\Component\DependencyInjection\Compiler\ReplaceAliasByActualDefinitionPass: Changed reference of service "form.type_extension.form.transformation_failure_handling" previously pointing to "translator.default" to "translator".
Symfony\Component\DependencyInjection\Compiler\ReplaceAliasByActualDefinitionPass: Changed reference of service "form.type_extension.form.validator" previously pointing to "translator.default" to "translator".
Symfony\Component\DependencyInjection\Compiler\ReplaceAliasByActualDefinitionPass: Changed reference of service "form.type_extension.upload.validator" previously pointing to "translator.default" to "translator".
Symfony\Component\DependencyInjection\Compiler\ReplaceAliasByActualDefinitionPass: Changed reference of service "validator.builder" previously pointing to "translator.default" to "translator".
Symfony\Component\DependencyInjection\Compiler\ReplaceAliasByActualDefinitionPass: Changed reference of service "messenger.middleware.send_message" previously pointing to "debug.event_dispatcher" to "event_dispatcher".
Symfony\Component\DependencyInjection\Compiler\ReplaceAliasByActualDefinitionPass: Changed reference of service "messenger.middleware.router_context" previously pointing to "router.default" to "router".
Symfony\Component\DependencyInjection\Compiler\ReplaceAliasByActualDefinitionPass: Changed reference of service "messenger.retry.send_failed_message_for_retry_listener" previously pointing to "debug.event_dispatcher" to "event_dispatcher".
Symfony\Component\DependencyInjection\Compiler\ReplaceAliasByActualDefinitionPass: Changed reference of service "messenger.routable_message_bus" previously pointing to "messenger.bus.default" to "messenger.default_bus".
Symfony\Component\DependencyInjection\Compiler\ReplaceAliasByActualDefinitionPass: Changed reference of service "notifier.channel.chat" previously pointing to "messenger.bus.default" to "messenger.default_bus".
Symfony\Component\DependencyInjection\Compiler\ReplaceAliasByActualDefinitionPass: Changed reference of service "notifier.channel.sms" previously pointing to "messenger.bus.default" to "messenger.default_bus".
Symfony\Component\DependencyInjection\Compiler\ReplaceAliasByActualDefinitionPass: Changed reference of service "notifier.channel.email" previously pointing to "messenger.bus.default" to "messenger.default_bus".
Symfony\Component\DependencyInjection\Compiler\ReplaceAliasByActualDefinitionPass: Changed reference of service "notifier.channel.push" previously pointing to "messenger.bus.default" to "messenger.default_bus".
Symfony\Component\DependencyInjection\Compiler\ReplaceAliasByActualDefinitionPass: Changed reference of service "notifier.transport_factory.abstract" previously pointing to "debug.event_dispatcher" to "event_dispatcher".
Symfony\Component\DependencyInjection\Compiler\ReplaceAliasByActualDefinitionPass: Changed reference of service "notifier.transport_factory.null" previously pointing to "debug.event_dispatcher" to "event_dispatcher".
Symfony\Component\DependencyInjection\Compiler\ReplaceAliasByActualDefinitionPass: Changed reference of service "Pimcore\Bundle\InstallBundle\Command\InstallCommand" previously pointing to "debug.event_dispatcher" to "event_dispatcher".
Symfony\Component\DependencyInjection\Compiler\ReplaceAliasByActualDefinitionPass: Changed reference of service "Pimcore\Bundle\InstallBundle\Installer" previously pointing to "debug.event_dispatcher" to "event_dispatcher".
Symfony\Component\DependencyInjection\Compiler\ReplaceAliasByActualDefinitionPass: Changed reference of service ".service_locator.5cAhUFF" previously pointing to "messenger.bus.default" to "messenger.default_bus".
Symfony\Component\DependencyInjection\Compiler\ReplaceAliasByActualDefinitionPass: Changed reference of service ".service_locator.wSgjnB6" previously pointing to "translator.default" to "translator".
Symfony\Component\DependencyInjection\Compiler\ReplaceAliasByActualDefinitionPass: Changed reference of service ".service_locator.oCg4uHe" previously pointing to "router.default" to "router".
Symfony\Component\DependencyInjection\Compiler\ReplaceAliasByActualDefinitionPass: Changed reference of service ".service_locator.Uba_K9d" previously pointing to "debug.event_dispatcher" to "event_dispatcher".
Symfony\Component\DependencyInjection\Compiler\RemoveAbstractDefinitionsPass: Removed service "container.env"; reason: abstract.
Symfony\Component\DependencyInjection\Compiler\RemoveAbstractDefinitionsPass: Removed service "cache.adapter.system"; reason: abstract.
Symfony\Component\DependencyInjection\Compiler\RemoveAbstractDefinitionsPass: Removed service "cache.adapter.apcu"; reason: abstract.
Symfony\Component\DependencyInjection\Compiler\RemoveAbstractDefinitionsPass: Removed service "cache.adapter.doctrine"; reason: abstract.
Symfony\Component\DependencyInjection\Compiler\RemoveAbstractDefinitionsPass: Removed service "cache.adapter.filesystem"; reason: abstract.
Symfony\Component\DependencyInjection\Compiler\RemoveAbstractDefinitionsPass: Removed service "cache.adapter.psr6"; reason: abstract.
Symfony\Component\DependencyInjection\Compiler\RemoveAbstractDefinitionsPass: Removed service "cache.adapter.redis"; reason: abstract.
Symfony\Component\DependencyInjection\Compiler\RemoveAbstractDefinitionsPass: Removed service "cache.adapter.redis_tag_aware"; reason: abstract.
Symfony\Component\DependencyInjection\Compiler\RemoveAbstractDefinitionsPass: Removed service "cache.adapter.memcached"; reason: abstract.
Symfony\Component\DependencyInjection\Compiler\RemoveAbstractDefinitionsPass: Removed service "cache.adapter.doctrine_dbal"; reason: abstract.
Symfony\Component\DependencyInjection\Compiler\RemoveAbstractDefinitionsPass: Removed service "cache.adapter.pdo"; reason: abstract.
Symfony\Component\DependencyInjection\Compiler\RemoveAbstractDefinitionsPass: Removed service "cache.adapter.array"; reason: abstract.
Symfony\Component\DependencyInjection\Compiler\RemoveAbstractDefinitionsPass: Removed service "assets.path_package"; reason: abstract.
Symfony\Component\DependencyInjection\Compiler\RemoveAbstractDefinitionsPass: Removed service "assets.url_package"; reason: abstract.
Symfony\Component\DependencyInjection\Compiler\RemoveAbstractDefinitionsPass: Removed service "assets.static_version_strategy"; reason: abstract.
Symfony\Component\DependencyInjection\Compiler\RemoveAbstractDefinitionsPass: Removed service "assets.json_manifest_version_strategy"; reason: abstract.
Symfony\Component\DependencyInjection\Compiler\RemoveAbstractDefinitionsPass: Removed service "assets.remote_json_manifest_version_strategy"; reason: abstract.
Symfony\Component\DependencyInjection\Compiler\RemoveAbstractDefinitionsPass: Removed service "http_client.abstract_retry_strategy"; reason: abstract.
Symfony\Component\DependencyInjection\Compiler\RemoveAbstractDefinitionsPass: Removed service "mailer.transport_factory.abstract"; reason: abstract.
Symfony\Component\DependencyInjection\Compiler\RemoveAbstractDefinitionsPass: Removed service "lock.store.combined.abstract"; reason: abstract.
Symfony\Component\DependencyInjection\Compiler\RemoveAbstractDefinitionsPass: Removed service "lock.factory.abstract"; reason: abstract.
Symfony\Component\DependencyInjection\Compiler\RemoveAbstractDefinitionsPass: Removed service "limiter"; reason: abstract.
Symfony\Component\DependencyInjection\Compiler\RemoveAbstractDefinitionsPass: Removed service "messenger.middleware.handle_message"; reason: abstract.
Symfony\Component\DependencyInjection\Compiler\RemoveAbstractDefinitionsPass: Removed service "messenger.middleware.add_bus_name_stamp_middleware"; reason: abstract.
Symfony\Component\DependencyInjection\Compiler\RemoveAbstractDefinitionsPass: Removed service "messenger.middleware.traceable"; reason: abstract.
Symfony\Component\DependencyInjection\Compiler\RemoveAbstractDefinitionsPass: Removed service "messenger.retry.abstract_multiplier_retry_strategy"; reason: abstract.
Symfony\Component\DependencyInjection\Compiler\RemoveAbstractDefinitionsPass: Removed service "notifier.transport_factory.abstract"; reason: abstract.
Symfony\Component\DependencyInjection\Compiler\RemoveAbstractDefinitionsPass: Removed service "monolog.logger_prototype"; reason: abstract.
Symfony\Component\DependencyInjection\Compiler\RemoveAbstractDefinitionsPass: Removed service "monolog.activation_strategy.not_found"; reason: abstract.
Symfony\Component\DependencyInjection\Compiler\RemoveAbstractDefinitionsPass: Removed service "monolog.handler.fingers_crossed.error_level_activation_strategy"; reason: abstract.
Symfony\Component\DependencyInjection\Compiler\RemoveAbstractDefinitionsPass: Removed service ".instanceof.Symfony\Component\Console\Command\Command.0.Pimcore\Bundle\InstallBundle\Command\InstallCommand"; reason: abstract.
Symfony\Component\DependencyInjection\Compiler\RemoveAbstractDefinitionsPass: Removed service ".abstract.instanceof.Pimcore\Bundle\InstallBundle\Command\InstallCommand"; reason: abstract.
Symfony\Component\DependencyInjection\Compiler\RemoveUnusedDefinitionsPass: Removed service "http_cache"; reason: unused.
Symfony\Component\DependencyInjection\Compiler\RemoveUnusedDefinitionsPass: Removed service "http_cache.store"; reason: unused.
Symfony\Component\DependencyInjection\Compiler\RemoveUnusedDefinitionsPass: Removed service "url_helper"; reason: unused.
Symfony\Component\DependencyInjection\Compiler\RemoveUnusedDefinitionsPass: Removed service "uri_signer"; reason: unused.
Symfony\Component\DependencyInjection\Compiler\RemoveUnusedDefinitionsPass: Removed service "reverse_container"; reason: unused.
Symfony\Component\DependencyInjection\Compiler\RemoveUnusedDefinitionsPass: Removed service "fragment.handler"; reason: unused.
Symfony\Component\DependencyInjection\Compiler\RemoveUnusedDefinitionsPass: Removed service "fragment.uri_generator"; reason: unused.
Symfony\Component\DependencyInjection\Compiler\RemoveUnusedDefinitionsPass: Removed service "fragment.renderer.inline"; reason: unused.
Symfony\Component\DependencyInjection\Compiler\RemoveUnusedDefinitionsPass: Removed service "cache.app.taggable"; reason: unused.
Symfony\Component\DependencyInjection\Compiler\RemoveUnusedDefinitionsPass: Removed service "cache.validator"; reason: unused.
Symfony\Component\DependencyInjection\Compiler\RemoveUnusedDefinitionsPass: Removed service "cache.serializer"; reason: unused.
Symfony\Component\DependencyInjection\Compiler\RemoveUnusedDefinitionsPass: Removed service "cache.property_info"; reason: unused.
Symfony\Component\DependencyInjection\Compiler\RemoveUnusedDefinitionsPass: Removed service "assets.packages"; reason: unused.
Symfony\Component\DependencyInjection\Compiler\RemoveUnusedDefinitionsPass: Removed service "assets.empty_package"; reason: unused.
Symfony\Component\DependencyInjection\Compiler\RemoveUnusedDefinitionsPass: Removed service "assets.context"; reason: unused.
Symfony\Component\DependencyInjection\Compiler\RemoveUnusedDefinitionsPass: Removed service "assets.empty_version_strategy"; reason: unused.
Symfony\Component\DependencyInjection\Compiler\RemoveUnusedDefinitionsPass: Removed service "assets._default_package"; reason: unused.
Symfony\Component\DependencyInjection\Compiler\RemoveUnusedDefinitionsPass: Removed service "psr18.http_client"; reason: unused.
Symfony\Component\DependencyInjection\Compiler\RemoveUnusedDefinitionsPass: Removed service "mailer.mailer"; reason: unused.
Symfony\Component\DependencyInjection\Compiler\RemoveUnusedDefinitionsPass: Removed service "mailer.default_transport"; reason: unused.
Symfony\Component\DependencyInjection\Compiler\RemoveUnusedDefinitionsPass: Removed service "translator.logging"; reason: unused.
Symfony\Component\DependencyInjection\Compiler\RemoveUnusedDefinitionsPass: Removed service "debug.log_processor"; reason: unused.
Symfony\Component\DependencyInjection\Compiler\RemoveUnusedDefinitionsPass: Removed service "annotations.filesystem_cache_adapter"; reason: unused.
Symfony\Component\DependencyInjection\Compiler\RemoveUnusedDefinitionsPass: Removed service "annotations.filesystem_cache"; reason: unused.
Symfony\Component\DependencyInjection\Compiler\RemoveUnusedDefinitionsPass: Removed service "annotations.cache"; reason: unused.
Symfony\Component\DependencyInjection\Compiler\RemoveUnusedDefinitionsPass: Removed service "serializer.mapping.cache.symfony"; reason: unused.
Symfony\Component\DependencyInjection\Compiler\RemoveUnusedDefinitionsPass: Removed service "serializer.name_converter.camel_case_to_snake_case"; reason: unused.
Symfony\Component\DependencyInjection\Compiler\RemoveUnusedDefinitionsPass: Removed service "lock.strategy.majority"; reason: unused.
Symfony\Component\DependencyInjection\Compiler\RemoveUnusedDefinitionsPass: Removed service ".lock.default.store.2BORioJ"; reason: unused.
Symfony\Component\DependencyInjection\Compiler\RemoveUnusedDefinitionsPass: Removed service "lock.default.factory"; reason: unused.
Symfony\Component\DependencyInjection\Compiler\RemoveUnusedDefinitionsPass: Removed service "lock.default"; reason: unused.
Symfony\Component\DependencyInjection\Compiler\RemoveUnusedDefinitionsPass: Removed service "ulid.factory"; reason: unused.
Symfony\Component\DependencyInjection\Compiler\RemoveUnusedDefinitionsPass: Removed service "uuid.factory"; reason: unused.
Symfony\Component\DependencyInjection\Compiler\RemoveUnusedDefinitionsPass: Removed service "name_based_uuid.factory"; reason: unused.
Symfony\Component\DependencyInjection\Compiler\RemoveUnusedDefinitionsPass: Removed service "random_based_uuid.factory"; reason: unused.
Symfony\Component\DependencyInjection\Compiler\RemoveUnusedDefinitionsPass: Removed service "time_based_uuid.factory"; reason: unused.
Symfony\Component\DependencyInjection\Compiler\RemoveUnusedDefinitionsPass: Removed service ".cache_connection.GD_MSZC"; reason: unused.
Symfony\Component\DependencyInjection\Compiler\RemoveUnusedDefinitionsPass: Removed service ".cache_connection.JKE6keX"; reason: unused.
Symfony\Component\DependencyInjection\Compiler\RemoveUnusedDefinitionsPass: Removed service "validator.mapping.cache.adapter"; reason: unused.
Symfony\Component\DependencyInjection\Compiler\RemoveUnusedDefinitionsPass: Removed service "messenger.transport.native_php_serializer"; reason: unused.
Symfony\Component\DependencyInjection\Compiler\RemoveUnusedDefinitionsPass: Removed service "messenger.middleware.validation"; reason: unused.
Symfony\Component\DependencyInjection\Compiler\RemoveUnusedDefinitionsPass: Removed service "messenger.middleware.router_context"; reason: unused.
Symfony\Component\DependencyInjection\Compiler\RemoveUnusedDefinitionsPass: Removed service "messenger.transport_factory"; reason: unused.
Symfony\Component\DependencyInjection\Compiler\RemoveUnusedDefinitionsPass: Removed service "messenger.transport.sync.factory"; reason: unused.
Symfony\Component\DependencyInjection\Compiler\RemoveUnusedDefinitionsPass: Removed service "messenger.transport.in_memory.factory"; reason: unused.
Symfony\Component\DependencyInjection\Compiler\RemoveUnusedDefinitionsPass: Removed service "notifier"; reason: unused.
Symfony\Component\DependencyInjection\Compiler\RemoveUnusedDefinitionsPass: Removed service "notifier.channel_policy"; reason: unused.
Symfony\Component\DependencyInjection\Compiler\RemoveUnusedDefinitionsPass: Removed service "notifier.channel.browser"; reason: unused.
Symfony\Component\DependencyInjection\Compiler\RemoveUnusedDefinitionsPass: Removed service "notifier.channel.chat"; reason: unused.
Symfony\Component\DependencyInjection\Compiler\RemoveUnusedDefinitionsPass: Removed service "notifier.channel.sms"; reason: unused.
Symfony\Component\DependencyInjection\Compiler\RemoveUnusedDefinitionsPass: Removed service "notifier.channel.email"; reason: unused.
Symfony\Component\DependencyInjection\Compiler\RemoveUnusedDefinitionsPass: Removed service "notifier.channel.push"; reason: unused.
Symfony\Component\DependencyInjection\Compiler\RemoveUnusedDefinitionsPass: Removed service "notifier.monolog_handler"; reason: unused.
Symfony\Component\DependencyInjection\Compiler\RemoveUnusedDefinitionsPass: Removed service "notifier.failed_message_listener"; reason: unused.
Symfony\Component\DependencyInjection\Compiler\RemoveUnusedDefinitionsPass: Removed service "monolog.formatter.chrome_php"; reason: unused.
Symfony\Component\DependencyInjection\Compiler\RemoveUnusedDefinitionsPass: Removed service "monolog.formatter.gelf_message"; reason: unused.
Symfony\Component\DependencyInjection\Compiler\RemoveUnusedDefinitionsPass: Removed service "monolog.formatter.html"; reason: unused.
Symfony\Component\DependencyInjection\Compiler\RemoveUnusedDefinitionsPass: Removed service "monolog.formatter.json"; reason: unused.
Symfony\Component\DependencyInjection\Compiler\RemoveUnusedDefinitionsPass: Removed service "monolog.formatter.line"; reason: unused.
Symfony\Component\DependencyInjection\Compiler\RemoveUnusedDefinitionsPass: Removed service "monolog.formatter.loggly"; reason: unused.
Symfony\Component\DependencyInjection\Compiler\RemoveUnusedDefinitionsPass: Removed service "monolog.formatter.normalizer"; reason: unused.
Symfony\Component\DependencyInjection\Compiler\RemoveUnusedDefinitionsPass: Removed service "monolog.formatter.scalar"; reason: unused.
Symfony\Component\DependencyInjection\Compiler\RemoveUnusedDefinitionsPass: Removed service "monolog.formatter.wildfire"; reason: unused.
Symfony\Component\DependencyInjection\Compiler\RemoveUnusedDefinitionsPass: Removed service "monolog.formatter.logstash"; reason: unused.
Symfony\Component\DependencyInjection\Compiler\RemoveUnusedDefinitionsPass: Removed service "monolog.http_client"; reason: unused.
Symfony\Component\DependencyInjection\Compiler\RemoveUnusedDefinitionsPass: Removed service "Pimcore\Composer\PackageInfo"; reason: unused.
Symfony\Component\DependencyInjection\Compiler\RemoveUnusedDefinitionsPass: Removed service "twig.extension.dump"; reason: unused.
Symfony\Component\DependencyInjection\Compiler\RemoveUnusedDefinitionsPass: Removed service "var_dumper.server_connection"; reason: unused.
Symfony\Component\DependencyInjection\Compiler\RemoveUnusedDefinitionsPass: Removed service ".service_locator.lLv4pWF"; reason: unused.
Symfony\Component\DependencyInjection\Compiler\RemoveUnusedDefinitionsPass: Removed service "monolog.logger.translation"; reason: unused.
Symfony\Component\DependencyInjection\Compiler\RemoveUnusedDefinitionsPass: Removed service "monolog.logger.lock"; reason: unused.
Symfony\Component\DependencyInjection\Compiler\RemoveUnusedDefinitionsPass: Removed service ".service_locator.XXv1IfR"; reason: unused.
Symfony\Component\DependencyInjection\Compiler\RemoveUnusedDefinitionsPass: Removed service ".service_locator.UkE3SaZ"; reason: unused.
Symfony\Component\DependencyInjection\Compiler\InlineServiceDefinitionsPass: Inlined service "error_handler.error_renderer.serializer" to "error_controller".
Symfony\Component\DependencyInjection\Compiler\InlineServiceDefinitionsPass: Inlined service "debug.controller_resolver" to "http_kernel".
Symfony\Component\DependencyInjection\Compiler\InlineServiceDefinitionsPass: Inlined service "debug.argument_resolver" to "http_kernel".
Symfony\Component\DependencyInjection\Compiler\InlineServiceDefinitionsPass: Inlined service "monolog.logger.console" to "console.error_listener".
Symfony\Component\DependencyInjection\Compiler\InlineServiceDefinitionsPass: Inlined service ".service_locator.Uba_K9d" to "console.command.event_dispatcher_debug".
Symfony\Component\DependencyInjection\Compiler\InlineServiceDefinitionsPass: Inlined service "messenger.routable_message_bus" to "console.command.messenger_consume_messages".
Symfony\Component\DependencyInjection\Compiler\InlineServiceDefinitionsPass: Inlined service "monolog.logger.http_client" to "http_client".
Symfony\Component\DependencyInjection\Compiler\InlineServiceDefinitionsPass: Inlined service "mailer.transport_factory" to "mailer.transports".
Symfony\Component\DependencyInjection\Compiler\InlineServiceDefinitionsPass: Inlined service "mailer.transports" to "mailer.messenger.message_handler".
Symfony\Component\DependencyInjection\Compiler\InlineServiceDefinitionsPass: Inlined service "identity_translator" to "translator.formatter.default".
Symfony\Component\DependencyInjection\Compiler\InlineServiceDefinitionsPass: Inlined service "translation.extractor.php" to "translation.extractor".
Symfony\Component\DependencyInjection\Compiler\InlineServiceDefinitionsPass: Inlined service "translation.dumper.php" to "translation.writer".
Symfony\Component\DependencyInjection\Compiler\InlineServiceDefinitionsPass: Inlined service "translation.dumper.xliff" to "translation.writer".
Symfony\Component\DependencyInjection\Compiler\InlineServiceDefinitionsPass: Inlined service "translation.dumper.po" to "translation.writer".
Symfony\Component\DependencyInjection\Compiler\InlineServiceDefinitionsPass: Inlined service "translation.dumper.mo" to "translation.writer".
Symfony\Component\DependencyInjection\Compiler\InlineServiceDefinitionsPass: Inlined service "translation.dumper.yml" to "translation.writer".
Symfony\Component\DependencyInjection\Compiler\InlineServiceDefinitionsPass: Inlined service "translation.dumper.yaml" to "translation.writer".
Symfony\Component\DependencyInjection\Compiler\InlineServiceDefinitionsPass: Inlined service "translation.dumper.qt" to "translation.writer".
Symfony\Component\DependencyInjection\Compiler\InlineServiceDefinitionsPass: Inlined service "translation.dumper.csv" to "translation.writer".
Symfony\Component\DependencyInjection\Compiler\InlineServiceDefinitionsPass: Inlined service "translation.dumper.ini" to "translation.writer".
Symfony\Component\DependencyInjection\Compiler\InlineServiceDefinitionsPass: Inlined service "translation.dumper.json" to "translation.writer".
Symfony\Component\DependencyInjection\Compiler\InlineServiceDefinitionsPass: Inlined service "translation.dumper.res" to "translation.writer".
Symfony\Component\DependencyInjection\Compiler\InlineServiceDefinitionsPass: Inlined service ".service_locator.wSgjnB6.translation.warmer" to "translation.warmer".
Symfony\Component\DependencyInjection\Compiler\InlineServiceDefinitionsPass: Inlined service "translation.provider_collection_factory" to "translation.provider_collection".
Symfony\Component\DependencyInjection\Compiler\InlineServiceDefinitionsPass: Inlined service "monolog.logger.php" to "debug.debug_handlers_listener".
Symfony\Component\DependencyInjection\Compiler\InlineServiceDefinitionsPass: Inlined service "debug.controller_resolver.inner" to "debug.controller_resolver".
Symfony\Component\DependencyInjection\Compiler\InlineServiceDefinitionsPass: Inlined service "debug.argument_resolver.inner" to "debug.argument_resolver".
Symfony\Component\DependencyInjection\Compiler\InlineServiceDefinitionsPass: Inlined service "routing.loader.xml" to "routing.resolver".
Symfony\Component\DependencyInjection\Compiler\InlineServiceDefinitionsPass: Inlined service "routing.loader.yml" to "routing.resolver".
Symfony\Component\DependencyInjection\Compiler\InlineServiceDefinitionsPass: Inlined service "routing.loader.php" to "routing.resolver".
Symfony\Component\DependencyInjection\Compiler\InlineServiceDefinitionsPass: Inlined service "routing.loader.glob" to "routing.resolver".
Symfony\Component\DependencyInjection\Compiler\InlineServiceDefinitionsPass: Inlined service "routing.loader.directory" to "routing.resolver".
Symfony\Component\DependencyInjection\Compiler\InlineServiceDefinitionsPass: Inlined service "routing.loader.container" to "routing.resolver".
Symfony\Component\DependencyInjection\Compiler\InlineServiceDefinitionsPass: Inlined service "routing.loader.annotation.directory" to "routing.resolver".
Symfony\Component\DependencyInjection\Compiler\InlineServiceDefinitionsPass: Inlined service "routing.loader.annotation.file" to "routing.resolver".
Symfony\Component\DependencyInjection\Compiler\InlineServiceDefinitionsPass: Inlined service ".service_locator.3rRE2HP" to "routing.loader.container".
Symfony\Component\DependencyInjection\Compiler\InlineServiceDefinitionsPass: Inlined service "routing.resolver" to "routing.loader".
Symfony\Component\DependencyInjection\Compiler\InlineServiceDefinitionsPass: Inlined service ".service_locator.Kr.dDlB" to "router.expression_language_provider".
Symfony\Component\DependencyInjection\Compiler\InlineServiceDefinitionsPass: Inlined service ".service_locator.oCg4uHe.router.cache_warmer" to "router.cache_warmer".
Symfony\Component\DependencyInjection\Compiler\InlineServiceDefinitionsPass: Inlined service "annotations.dummy_registry" to "annotations.reader".
Symfony\Component\DependencyInjection\Compiler\InlineServiceDefinitionsPass: Inlined service "cache.property_access" to "property_accessor".
Symfony\Component\DependencyInjection\Compiler\InlineServiceDefinitionsPass: Inlined service "secrets.decryption_key" to "secrets.vault".
Symfony\Component\DependencyInjection\Compiler\InlineServiceDefinitionsPass: Inlined service "serializer.denormalizer.unwrapping" to "serializer".
Symfony\Component\DependencyInjection\Compiler\InlineServiceDefinitionsPass: Inlined service "serializer.normalizer.flatten_exception" to "serializer".
Symfony\Component\DependencyInjection\Compiler\InlineServiceDefinitionsPass: Inlined service "serializer.normalizer.problem" to "serializer".
Symfony\Component\DependencyInjection\Compiler\InlineServiceDefinitionsPass: Inlined service "serializer.normalizer.uid" to "serializer".
Symfony\Component\DependencyInjection\Compiler\InlineServiceDefinitionsPass: Inlined service "serializer.normalizer.datetime" to "serializer".
Symfony\Component\DependencyInjection\Compiler\InlineServiceDefinitionsPass: Inlined service "serializer.normalizer.constraint_violation_list" to "serializer".
Symfony\Component\DependencyInjection\Compiler\InlineServiceDefinitionsPass: Inlined service "serializer.normalizer.mime_message" to "serializer".
Symfony\Component\DependencyInjection\Compiler\InlineServiceDefinitionsPass: Inlined service "serializer.normalizer.datetimezone" to "serializer".
Symfony\Component\DependencyInjection\Compiler\InlineServiceDefinitionsPass: Inlined service "serializer.normalizer.dateinterval" to "serializer".
Symfony\Component\DependencyInjection\Compiler\InlineServiceDefinitionsPass: Inlined service "serializer.normalizer.form_error" to "serializer".
Symfony\Component\DependencyInjection\Compiler\InlineServiceDefinitionsPass: Inlined service "serializer.normalizer.backed_enum" to "serializer".
Symfony\Component\DependencyInjection\Compiler\InlineServiceDefinitionsPass: Inlined service "serializer.normalizer.data_uri" to "serializer".
Symfony\Component\DependencyInjection\Compiler\InlineServiceDefinitionsPass: Inlined service "serializer.normalizer.json_serializable" to "serializer".
Symfony\Component\DependencyInjection\Compiler\InlineServiceDefinitionsPass: Inlined service "serializer.denormalizer.array" to "serializer".
Symfony\Component\DependencyInjection\Compiler\InlineServiceDefinitionsPass: Inlined service "serializer.normalizer.object" to "serializer".
Symfony\Component\DependencyInjection\Compiler\InlineServiceDefinitionsPass: Inlined service "serializer.encoder.xml" to "serializer".
Symfony\Component\DependencyInjection\Compiler\InlineServiceDefinitionsPass: Inlined service "serializer.encoder.json" to "serializer".
Symfony\Component\DependencyInjection\Compiler\InlineServiceDefinitionsPass: Inlined service "serializer.encoder.yaml" to "serializer".
Symfony\Component\DependencyInjection\Compiler\InlineServiceDefinitionsPass: Inlined service "serializer.encoder.csv" to "serializer".
Symfony\Component\DependencyInjection\Compiler\InlineServiceDefinitionsPass: Inlined service "serializer.normalizer.property" to "serializer.normalizer.mime_message".
Symfony\Component\DependencyInjection\Compiler\InlineServiceDefinitionsPass: Inlined service "serializer.mapping.chain_loader" to "serializer.mapping.class_metadata_factory".
Symfony\Component\DependencyInjection\Compiler\InlineServiceDefinitionsPass: Inlined service "error_handler.error_renderer.html" to "error_handler.error_renderer.serializer".
Symfony\Component\DependencyInjection\Compiler\InlineServiceDefinitionsPass: Inlined service "form.extension" to "form.registry".
Symfony\Component\DependencyInjection\Compiler\InlineServiceDefinitionsPass: Inlined service "form.resolved_type_factory" to "form.registry".
Symfony\Component\DependencyInjection\Compiler\InlineServiceDefinitionsPass: Inlined service ".service_locator.HJVVhIz" to "form.extension".
Symfony\Component\DependencyInjection\Compiler\InlineServiceDefinitionsPass: Inlined service "form.choice_list_factory.default" to "form.choice_list_factory.property_access".
Symfony\Component\DependencyInjection\Compiler\InlineServiceDefinitionsPass: Inlined service "form.choice_list_factory.property_access" to "form.choice_list_factory.cached".
Symfony\Component\DependencyInjection\Compiler\InlineServiceDefinitionsPass: Inlined service "form.type_extension.form.request_handler" to "form.type_extension.form.http_foundation".
Symfony\Component\DependencyInjection\Compiler\InlineServiceDefinitionsPass: Inlined service "form.server_params" to "form.type_extension.form.request_handler".
Symfony\Component\DependencyInjection\Compiler\InlineServiceDefinitionsPass: Inlined service "validator.validator_factory" to "validator.builder".
Symfony\Component\DependencyInjection\Compiler\InlineServiceDefinitionsPass: Inlined service "validator.property_info_loader" to "validator.builder".
Symfony\Component\DependencyInjection\Compiler\InlineServiceDefinitionsPass: Inlined service ".service_locator.znUisT1" to "validator.validator_factory".
Symfony\Component\DependencyInjection\Compiler\InlineServiceDefinitionsPass: Inlined service "validator.expression_language" to "validator.expression".
Symfony\Component\DependencyInjection\Compiler\InlineServiceDefinitionsPass: Inlined service "messenger.senders_locator" to "messenger.middleware.send_message".
Symfony\Component\DependencyInjection\Compiler\InlineServiceDefinitionsPass: Inlined service ".service_locator.5cAhUFF" to "messenger.routable_message_bus".
Symfony\Component\DependencyInjection\Compiler\InlineServiceDefinitionsPass: Inlined service "chatter.transport_factory" to "chatter.transports".
Symfony\Component\DependencyInjection\Compiler\InlineServiceDefinitionsPass: Inlined service "chatter.transports" to "chatter.messenger.chat_handler".
Symfony\Component\DependencyInjection\Compiler\InlineServiceDefinitionsPass: Inlined service "texter.transport_factory" to "texter.transports".
Symfony\Component\DependencyInjection\Compiler\InlineServiceDefinitionsPass: Inlined service "monolog.processor.psr_log_message" to "monolog.handler.main".
Symfony\Component\DependencyInjection\Compiler\InlineServiceDefinitionsPass: Inlined service "Pimcore\Bundle\InstallBundle\Installer" to "Pimcore\Bundle\InstallBundle\Command\InstallCommand".
Symfony\Component\DependencyInjection\Compiler\InlineServiceDefinitionsPass: Inlined service "var_dumper.contextualized_cli_dumper" to "debug.dump_listener".
Symfony\Component\DependencyInjection\Compiler\InlineServiceDefinitionsPass: Inlined service "monolog.logger.debug" to "var_dumper.dump_server".
Symfony\Component\DependencyInjection\Compiler\InlineServiceDefinitionsPass: Inlined service "var_dumper.dump_server" to "var_dumper.command.server_dump".
Symfony\Component\DependencyInjection\Compiler\InlineServiceDefinitionsPass: Inlined service "var_dumper.html_dumper" to "var_dumper.command.server_dump".
Symfony\Component\DependencyInjection\Compiler\InlineServiceDefinitionsPass: Inlined service "debug.argument_resolver.request_attribute.inner" to "debug.argument_resolver.request_attribute".
Symfony\Component\DependencyInjection\Compiler\InlineServiceDefinitionsPass: Inlined service "debug.argument_resolver.request.inner" to "debug.argument_resolver.request".
Symfony\Component\DependencyInjection\Compiler\InlineServiceDefinitionsPass: Inlined service "debug.argument_resolver.session.inner" to "debug.argument_resolver.session".
Symfony\Component\DependencyInjection\Compiler\InlineServiceDefinitionsPass: Inlined service "debug.argument_resolver.service.inner" to "debug.argument_resolver.service".
Symfony\Component\DependencyInjection\Compiler\InlineServiceDefinitionsPass: Inlined service "debug.argument_resolver.default.inner" to "debug.argument_resolver.default".
Symfony\Component\DependencyInjection\Compiler\InlineServiceDefinitionsPass: Inlined service "debug.argument_resolver.variadic.inner" to "debug.argument_resolver.variadic".
Symfony\Component\DependencyInjection\Compiler\InlineServiceDefinitionsPass: Inlined service "debug.argument_resolver.not_tagged_controller.inner" to "debug.argument_resolver.not_tagged_controller".
Symfony\Component\DependencyInjection\Compiler\InlineServiceDefinitionsPass: Inlined service "messenger.bus.default.messenger.handlers_locator" to "messenger.bus.default.middleware.handle_message".
Symfony\Component\DependencyInjection\Compiler\InlineServiceDefinitionsPass: Inlined service "mailer.messenger.message_handler" to ".messenger.handler_descriptor.tGvt0LH".
Symfony\Component\DependencyInjection\Compiler\InlineServiceDefinitionsPass: Inlined service "chatter.messenger.chat_handler" to ".messenger.handler_descriptor.vMw0m61".
Symfony\Component\DependencyInjection\Compiler\InlineServiceDefinitionsPass: Inlined service "texter.messenger.sms_handler" to ".messenger.handler_descriptor.XZowc.T".
Symfony\Component\DependencyInjection\Compiler\InlineServiceDefinitionsPass: Inlined service "texter.messenger.push_handler" to ".messenger.handler_descriptor.Lml2ICs".
Symfony\Component\DependencyInjection\Compiler\InlineServiceDefinitionsPass: Inlined service "monolog.handler.null_internal" to "monolog.logger.event".
Symfony\Component\DependencyInjection\Compiler\InlineServiceDefinitionsPass: Inlined service ".service_locator.wSgjnB6" to ".service_locator.wSgjnB6.translation.warmer".
Symfony\Component\DependencyInjection\Compiler\InlineServiceDefinitionsPass: Inlined service ".service_locator.NUKe30Y" to ".service_locator.NUKe30Y.router.default".
Symfony\Component\DependencyInjection\Compiler\InlineServiceDefinitionsPass: Inlined service ".service_locator.oCg4uHe" to ".service_locator.oCg4uHe.router.cache_warmer".
Symfony\Component\DependencyInjection\Compiler\InlineServiceDefinitionsPass: Inlined service "argument_metadata_factory" to "debug.argument_resolver.inner".
Symfony\Component\DependencyInjection\Compiler\InlineServiceDefinitionsPass: Inlined service ".service_locator.RxBZC4H" to "console.command_loader".
Symfony\Component\DependencyInjection\Compiler\InlineServiceDefinitionsPass: Inlined service ".service_locator.yY.p4P7" to "translator".
Symfony\Component\DependencyInjection\Compiler\InlineServiceDefinitionsPass: Inlined service "translator.formatter.default" to "translator".
Symfony\Component\DependencyInjection\Compiler\InlineServiceDefinitionsPass: Inlined service ".service_locator.NUKe30Y.router.default" to "router".
Symfony\Component\DependencyInjection\Compiler\InlineServiceDefinitionsPass: Inlined service "parameter_bag" to "router".
Symfony\Component\DependencyInjection\Compiler\InlineServiceDefinitionsPass: Inlined service "monolog.logger.router" to "router".
Symfony\Component\DependencyInjection\Compiler\InlineServiceDefinitionsPass: Inlined service "debug.event_dispatcher.inner" to "event_dispatcher".
Symfony\Component\DependencyInjection\Compiler\InlineServiceDefinitionsPass: Inlined service "monolog.logger.event" to "event_dispatcher".
Symfony\Component\DependencyInjection\Compiler\InlineServiceDefinitionsPass: Inlined service "file_locator" to "routing.loader".
Symfony\Component\DependencyInjection\Compiler\InlineServiceDefinitionsPass: Inlined service "file_locator" to "routing.loader".
Symfony\Component\DependencyInjection\Compiler\InlineServiceDefinitionsPass: Inlined service "file_locator" to "routing.loader".
Symfony\Component\DependencyInjection\Compiler\InlineServiceDefinitionsPass: Inlined service "file_locator" to "routing.loader".
Symfony\Component\DependencyInjection\Compiler\InlineServiceDefinitionsPass: Inlined service "file_locator" to "routing.loader".
Symfony\Component\DependencyInjection\Compiler\InlineServiceDefinitionsPass: Inlined service "routing.loader.annotation" to "routing.loader".
Symfony\Component\DependencyInjection\Compiler\InlineServiceDefinitionsPass: Inlined service "file_locator" to "routing.loader".
Symfony\Component\DependencyInjection\Compiler\InlineServiceDefinitionsPass: Inlined service "routing.loader.annotation" to "routing.loader".
Symfony\Component\DependencyInjection\Compiler\InlineServiceDefinitionsPass: Inlined service "file_locator" to "routing.loader".
Symfony\Component\DependencyInjection\Compiler\InlineServiceDefinitionsPass: Inlined service "routing.loader.annotation" to "routing.loader".
Symfony\Component\DependencyInjection\Compiler\InlineServiceDefinitionsPass: Inlined service "serializer.name_converter.metadata_aware" to "serializer".
Symfony\Component\DependencyInjection\Compiler\InlineServiceDefinitionsPass: Inlined service "serializer.name_converter.metadata_aware" to "serializer".
Symfony\Component\DependencyInjection\Compiler\InlineServiceDefinitionsPass: Inlined service "serializer.mapping.class_discriminator_resolver" to "serializer".
Symfony\Component\DependencyInjection\Compiler\InlineServiceDefinitionsPass: Inlined service "serializer.name_converter.metadata_aware" to "serializer".
Symfony\Component\DependencyInjection\Compiler\InlineServiceDefinitionsPass: Inlined service "serializer.mapping.class_discriminator_resolver" to "serializer".