AUTOCREATE
2023-01-04T12:48:41+0530 : 0|Pimcore\Bundle\AdminBundle\Controller\Admin\LoginController::loginAction|pimcore_admin_login|[]|{"perspective":""}
2023-01-04T12:48:41+0530 : 0|Pimcore\Bundle\AdminBundle\Controller\Admin\SettingsController::displayCustomLogoAction|pimcore_settings_display_custom_logo|[]|{"white":"true"}
2023-01-04T12:48:51+0530 : 2|Pimcore\Bundle\AdminBundle\Controller\Admin\IndexController::indexAction|pimcore_admin_index|[]|{"perspective":""}
2023-01-04T12:48:51+0530 : 2|Pimcore\Bundle\AdminBundle\Controller\Admin\MiscController::adminCssAction|pimcore_admin_misc_admincss|[]|[]
2023-01-04T12:48:51+0530 : 2|Pimcore\Bundle\AdminBundle\Controller\Admin\MiscController::jsonTranslationsSystemAction|pimcore_admin_misc_jsontranslationssystem|[]|{"language":"en"}
2023-01-04T12:48:51+0530 : 2|Pimcore\Bundle\AdminBundle\Controller\Admin\MiscController::availableLanguagesAction|pimcore_admin_misc_availablelanguages|[]|[]
2023-01-04T12:48:51+0530 : 2|Pimcore\Bundle\AdminBundle\Controller\Admin\UserController::getCurrentUserAction|pimcore_admin_user_getcurrentuser|[]|[]
2023-01-04T12:48:51+0530 : 2|Pimcore\Bundle\AdminBundle\Controller\Admin\MiscController::scriptProxyAction|pimcore_admin_misc_scriptproxy|[]|{"storageFile":"minified_javascript_core_d41d8cd98f00b20..."}
2023-01-04T12:48:51+0530 : 2|Pimcore\Bundle\AdminBundle\Controller\Admin\MiscController::scriptProxyAction|pimcore_admin_misc_scriptproxy|[]|{"storageFile":"minified_javascript_core_44ec3947584d507..."}
2023-01-04T12:48:51+0530 : 2|Pimcore\Bundle\AdminBundle\Controller\Admin\UserController::getImageAction|pimcore_admin_user_getimage|[]|[]
2023-01-04T12:48:51+0530 : 2|Pimcore\Bundle\AdminBundle\Controller\Admin\SettingsController::displayCustomLogoAction|pimcore_settings_display_custom_logo|[]|[]
2023-01-04T12:48:51+0530 : 2|Pimcore\Bundle\AdminBundle\Controller\Admin\DataObject\DataObjectController::treeGetRootAction|pimcore_admin_dataobject_dataobject_treegetroot|[]|{"id":"","view":"","elementType":"object"}
2023-01-04T12:48:51+0530 : 2|Pimcore\Bundle\AdminBundle\Controller\Admin\Asset\AssetController::treeGetRootAction|pimcore_admin_asset_treegetroot|[]|{"id":"1","view":"","elementType":"asset"}
2023-01-04T12:48:51+0530 : 2|Pimcore\Bundle\AdminBundle\Controller\Admin\Document\DocumentController::treeGetRootAction|pimcore_admin_document_document_treegetroot|[]|{"id":"1","view":"","elementType":"document"}
2023-01-04T12:48:51+0530 : 2|Pimcore\Bundle\AdminBundle\Controller\Admin\PortalController::dashboardListAction|pimcore_admin_portal_dashboardlist|[]|[]
2023-01-04T12:48:52+0530 : 2|Pimcore\Bundle\AdminBundle\Controller\Admin\NotificationController::findLastUnreadAction|pimcore_admin_notification_findlastunread|[]|{"lastUpdate":"1672816731"}
2023-01-04T12:48:52+0530 : 2|Pimcore\Bundle\AdminBundle\Controller\Admin\DataObject\ClassController::getTreeAction|pimcore_admin_dataobject_class_gettree|[]|{"page":"1","start":"0","limit":"25"}
2023-01-04T12:48:52+0530 : 2|Pimcore\Bundle\AdminBundle\Controller\Admin\Document\DocumentController::docTypesGetAction|pimcore_admin_document_document_doctypesget|[]|{"xaction":"read","page":"1","start":"0","limit":"25"}
2023-01-04T12:48:52+0530 : 2|Pimcore\Bundle\AdminBundle\Controller\Admin\SettingsController::getAvailableAdminLanguagesAction|pimcore_admin_settings_getavailableadminlanguages|[]|{"page":"1","start":"0","limit":"25"}
2023-01-04T12:48:52+0530 : 2|Pimcore\Bundle\AdminBundle\Controller\Admin\DataObject\ClassController::getTreeAction|pimcore_admin_dataobject_class_gettree|[]|{"createAllowed":"true","page":"1","start":"0","limit":"25"}
2023-01-04T12:48:52+0530 : 2|Pimcore\Bundle\AdminBundle\Controller\Admin\SettingsController::getAvailableSitesAction|pimcore_admin_settings_getavailablesites|[]|{"page":"1","start":"0","limit":"25"}
2023-01-04T12:48:52+0530 : 2|Pimcore\Bundle\AdminBundle\Controller\Admin\TargetingController::targetGroupListAction|pimcore_admin_targeting_targetgrouplist|[]|{"page":"1","start":"0","limit":"25"}
2023-01-04T12:48:52+0530 : 2|Pimcore\Bundle\AdminBundle\Controller\Reports\CustomReportController::getReportConfigAction|pimcore_admin_reports_customreport_getreportconfig|[]|[]
2023-01-04T12:48:52+0530 : 2|Pimcore\Bundle\AdminBundle\Controller\Admin\DataObject\DataObjectController::treeGetChildsByIdAction|pimcore_admin_dataobject_dataobject_treegetchildsbyid|[]|{"limit":"30","view":"","parentPath":"\/","page":"1","start":"0","node":"1"}
2023-01-04T12:48:57+0530 : 2|Pimcore\Bundle\AdminBundle\Controller\Admin\IndexController::statisticsAction|pimcore_admin_index_statistics|[]|[]
2023-01-04T12:49:21+0530 : 2|Pimcore\Bundle\AdminBundle\Controller\Admin\TranslationController::addAdminTranslationKeysAction|pimcore_admin_translation_addadmintranslationkeys|[]|{"keys":"[\"Beauty\",\"Clothing\"]"}
2023-01-04T12:49:21+0530 : 2|Pimcore\Bundle\AdminBundle\Controller\Admin\NotificationController::findLastUnreadAction|pimcore_admin_notification_findlastunread|[]|{"lastUpdate":"1672816731"}
2023-01-04T12:49:51+0530 : 2|Pimcore\Bundle\AdminBundle\Controller\Admin\NotificationController::findLastUnreadAction|pimcore_admin_notification_findlastunread|[]|{"lastUpdate":"1672816761"}
